#
# A fatal error has been detected by the Java Runtime Environment:
#
#  EXCEPTION_ACCESS_VIOLATION (0xc0000005) at pc=0x00007ff90f48c164, pid=18132, tid=9052
#
# JRE version: OpenJDK Runtime Environment Corretto-17.0.7.7.1 (17.0.7+7) (build 17.0.7+7-LTS)
# Java VM: OpenJDK 64-Bit Server VM Corretto-17.0.7.7.1 (17.0.7+7-LTS, mixed mode, sharing, tiered, compressed oops, compressed class ptrs, g1 gc, windows-amd64)
# Problematic frame:
# C  [cyjagent.dll+0xc164]
#
# No core dump will be written. Minidumps are not enabled by default on client versions of Windows
#
# If you would like to submit a bug report, please visit:
#   https://github.com/corretto/corretto-17/issues/
# The crash happened outside the Java Virtual Machine in native code.
# See problematic frame for where to report the bug.
#

---------------  S U M M A R Y ------------

Command Line: -javaagent:C:\Program Files\JetBrains\IntelliJ IDEA Community Edition 2023.1.2\lib\idea_rt.jar=52862:C:\Program Files\JetBrains\IntelliJ IDEA Community Edition 2023.1.2\bin -Dfile.encoding=UTF-8 -agentpath:C:\Program Files\Palo Alto Networks\Traps\cyjagent.dll MainKt

Host: Intel(R) Core(TM) i7-7600U CPU @ 2.80GHz, 4 cores, 7G,  Windows 10 , 64 bit Build 19041 (10.0.19041.2913)
Time: Mon Jun  5 05:59:22 2023 Pakistan Standard Time elapsed time: 0.286829 seconds (0d 0h 0m 0s)

---------------  T H R E A D  ---------------

Current thread (0x000001d13e2f68b0):  JavaThread "Monitor Ctrl-Break" daemon [_thread_in_native, id=9052, stack(0x0000000bd7700000,0x0000000bd7800000)]

Stack: [0x0000000bd7700000,0x0000000bd7800000],  sp=0x0000000bd77fdcf0,  free space=1015k
Native frames: (J=compiled Java code, j=interpreted, Vv=VM code, C=native code)
C  [cyjagent.dll+0xc164]

Java frames: (J=compiled Java code, j=interpreted, Vv=VM code)
j  java.lang.ClassLoader.findBootstrapClass(Ljava/lang/String;)Ljava/lang/Class;+0 java.base@17.0.7
j  java.lang.ClassLoader.findBootstrapClassOrNull(Ljava/lang/String;)Ljava/lang/Class;+10 java.base@17.0.7
j  java.lang.System$2.findBootstrapClassOrNull(Ljava/lang/String;)Ljava/lang/Class;+1 java.base@17.0.7
j  jdk.internal.loader.ClassLoaders$BootClassLoader.loadClassOrNull(Ljava/lang/String;Z)Ljava/lang/Class;+4 java.base@17.0.7
j  jdk.internal.loader.BuiltinClassLoader.loadClassOrNull(Ljava/lang/String;)Ljava/lang/Class;+3 java.base@17.0.7
j  jdk.internal.loader.BuiltinClassLoader.loadClassOrNull(Ljava/lang/String;Z)Ljava/lang/Class;+66 java.base@17.0.7
j  jdk.internal.loader.BuiltinClassLoader.loadClass(Ljava/lang/String;Z)Ljava/lang/Class;+3 java.base@17.0.7
j  jdk.internal.loader.ClassLoaders$AppClassLoader.loadClass(Ljava/lang/String;Z)Ljava/lang/Class;+36 java.base@17.0.7
j  java.lang.ClassLoader.loadClass(Ljava/lang/String;)Ljava/lang/Class;+3 java.base@17.0.7
v  ~StubRoutines::call_stub
j  com.intellij.rt.execution.application.AppMainV2$1.run()V+14
v  ~StubRoutines::call_stub

siginfo: EXCEPTION_ACCESS_VIOLATION (0xc0000005), reading address 0x0000000000000000


Register to memory mapping:

RIP=0x00007ff90f48c164 cyjagent.dll
RAX=0x0 is NULL
RBX=0x000001d13e2f6b58 points into unknown readable memory: 0x00007ff8ca5d72c0 | c0 72 5d ca f8 7f 00 00
RCX=0x0 is NULL
RDX=0x000001d11dfae460 points into unknown readable memory: 0x000001d13e2f68b0 | b0 68 2f 3e d1 01 00 00
RSP=0x0000000bd77fdcf0 is pointing into the stack for thread: 0x000001d13e2f68b0
RBP=0x000001d1279ef8d0 points into unknown readable memory: 0x000001d12790b630 | 30 b6 90 27 d1 01 00 00
RSI=0x0 is NULL
RDI=0x000001d13e1d6d40 points into unknown readable memory: 0x2f6f692f6176616a | 6a 61 76 61 2f 69 6f 2f
R8 =0x0000000bd77fdb68 is pointing into the stack for thread: 0x000001d13e2f68b0
R9 =0x000001d1279ef8d0 points into unknown readable memory: 0x000001d12790b630 | 30 b6 90 27 d1 01 00 00
R10=0x0 is NULL
R11=0x0000000000000246 is an unknown value
R12=0x0 is NULL
R13=0x000001d13e36cef0 points into unknown readable memory: 0x0000000a00000002 | 02 00 00 00 0a 00 00 00
R14=0x0000000bd77fdee0 is pointing into the stack for thread: 0x000001d13e2f68b0
R15=0x0 is NULL


Registers:
RAX=0x0000000000000000, RBX=0x000001d13e2f6b58, RCX=0x0000000000000000, RDX=0x000001d11dfae460
RSP=0x0000000bd77fdcf0, RBP=0x000001d1279ef8d0, RSI=0x0000000000000000, RDI=0x000001d13e1d6d40
R8 =0x0000000bd77fdb68, R9 =0x000001d1279ef8d0, R10=0x0000000000000000, R11=0x0000000000000246
R12=0x0000000000000000, R13=0x000001d13e36cef0, R14=0x0000000bd77fdee0, R15=0x0000000000000000
RIP=0x00007ff90f48c164, EFLAGS=0x0000000000010202

Top of Stack: (sp=0x0000000bd77fdcf0)
0x0000000bd77fdcf0:   000001d13e1d6d40 000001d13e2f6b58
0x0000000bd77fdd00:   0000000000000016 00007ff8c9eeffa7
0x0000000bd77fdd10:   0000000000000001 00007ff9070a0000
0x0000000bd77fdd20:   0000000800450878 000001d1279ef8d0
0x0000000bd77fdd30:   0000000000000016 000001d13e2675c0
0x0000000bd77fdd40:   000001d11e0791a0 0000000000000000
0x0000000bd77fdd50:   0000000000000000 00007ff8ca001507
0x0000000bd77fdd60:   000001d11e0791a0 000001d13e2f68b0
0x0000000bd77fdd70:   000001d13e1d6d40 0000000bd77fde10
0x0000000bd77fdd80:   000001d13e1d6d40 0000000000000000
0x0000000bd77fdd90:   0000000000001a3b 000001d13e1d52d0
0x0000000bd77fdda0:   0000000bd77fde88 0000000bd77fddb8
0x0000000bd77fddb0:   000001d100000000 0000000000000000
0x0000000bd77fddc0:   000001d13e36cef0 000001d13e1d52c0
0x0000000bd77fddd0:   000001d13e1d6d60 000001d13e1dd2a8
0x0000000bd77fdde0:   00000000000083b0 000001d13e2f68b0 

Instructions: (pc=0x00007ff90f48c164)
0x00007ff90f48c064:   00 00 03 72 2d 44 8b ce 48 8d 05 9d e0 01 00 ba
0x00007ff90f48c074:   2f 00 00 00 4e 8b 0c c8 48 8b 89 90 02 00 00 4c
0x00007ff90f48c084:   8d 05 b6 df 01 00 e8 b1 50 ff ff 48 8b 0d 4a 39
0x00007ff90f48c094:   02 00 48 3b cb 74 68 f6 81 9c 02 00 00 10 74 5f
0x00007ff90f48c0a4:   80 b9 99 02 00 00 02 72 56 4c 8b 8c 24 90 00 00
0x00007ff90f48c0b4:   00 4c 8d 05 84 df 01 00 48 8b 89 90 02 00 00 ba
0x00007ff90f48c0c4:   31 00 00 00 e8 73 50 ff ff eb 34 49 8b 0f 4c 8b
0x00007ff90f48c0d4:   c3 48 8b d6 e8 d3 63 00 00 48 8b 84 24 b0 00 00
0x00007ff90f48c0e4:   00 89 18 48 8b 0d ca 4c 02 00 4c 8b c6 33 d2 ff
0x00007ff90f48c0f4:   15 e7 50 01 00 eb 08 a8 02 75 04 c6 47 40 01 b8
0x00007ff90f48c104:   ff ff ff ff f0 0f c1 47 10 4c 8b b4 24 88 00 00
0x00007ff90f48c114:   00 83 f8 01 75 42 48 8b 4f 18 48 81 c1 70 01 00
0x00007ff90f48c124:   00 ff 15 7d 51 01 00 48 8b 0f 48 8b 47 08 48 89
0x00007ff90f48c134:   08 48 89 41 08 48 8b 4f 18 48 81 c1 70 01 00 00
0x00007ff90f48c144:   ff 15 66 51 01 00 48 8b 0d 67 4c 02 00 4c 8b c7
0x00007ff90f48c154:   33 d2 ff 15 84 50 01 00 48 8b 4d 20 48 8b 55 10
0x00007ff90f48c164:   48 8b 01 48 8b 80 08 01 00 00 ff 15 6c 51 01 00
0x00007ff90f48c174:   85 c0 74 40 48 8b 0d 61 38 02 00 48 8d 15 5a 38
0x00007ff90f48c184:   02 00 48 3b ca 74 2d f6 81 9c 02 00 00 10 74 24
0x00007ff90f48c194:   80 b9 99 02 00 00 03 72 1b 48 8b 89 90 02 00 00
0x00007ff90f48c1a4:   4c 8d 05 95 de 01 00 ba 15 00 00 00 44 8b c8 e8
0x00007ff90f48c1b4:   c8 4e ff ff 48 8b 6c 24 78 48 8b b4 24 80 00 00
0x00007ff90f48c1c4:   00 48 83 c4 50 41 5f 5f 5b c3 cc cc 40 57 48 83
0x00007ff90f48c1d4:   ec 30 f6 81 78 01 00 00 04 48 8b f9 0f 85 87 02
0x00007ff90f48c1e4:   00 00 48 89 5c 24 40 45 33 c9 48 89 6c 24 48 33
0x00007ff90f48c1f4:   d2 48 89 74 24 50 48 8b 71 20 45 8d 41 32 48 8b
0x00007ff90f48c204:   ce 48 8b 06 48 8b 40 08 ff 15 ce 50 01 00 48 8d
0x00007ff90f48c214:   2d c7 37 02 00 85 c0 74 37 48 8b 0d bc 37 02 00
0x00007ff90f48c224:   48 3b cd 74 2b f6 81 9c 02 00 00 10 74 22 80 b9
0x00007ff90f48c234:   99 02 00 00 02 72 19 48 8b 89 90 02 00 00 ba 11
0x00007ff90f48c244:   00 00 00 89 44 24 20 44 8d 4a 21 e8 7c dc ff ff
0x00007ff90f48c254:   48 8b 06 45 33 c9 33 d2 48 8b ce 48 8b 40 08 45 


Stack slot to memory mapping:
stack at sp + 0 slots: 0x000001d13e1d6d40 points into unknown readable memory: 0x2f6f692f6176616a | 6a 61 76 61 2f 69 6f 2f
stack at sp + 1 slots: 0x000001d13e2f6b58 points into unknown readable memory: 0x00007ff8ca5d72c0 | c0 72 5d ca f8 7f 00 00
stack at sp + 2 slots: 0x0000000000000016 is an unknown value
stack at sp + 3 slots: 0x00007ff8c9eeffa7 jvm.dll
stack at sp + 4 slots: 0x0000000000000001 is an unknown value
stack at sp + 5 slots: 0x00007ff9070a0000 java.dll
stack at sp + 6 slots: 0x0000000800450878 is pointing into metadata
stack at sp + 7 slots: 0x000001d1279ef8d0 points into unknown readable memory: 0x000001d12790b630 | 30 b6 90 27 d1 01 00 00


---------------  P R O C E S S  ---------------

Threads class SMR info:
_java_thread_list=0x000001d13e475a80, length=12, elements={
0x000001d13e031210, 0x000001d13e032bf0, 0x000001d13e0434f0, 0x000001d13e0450b0,
0x000001d13e0467d0, 0x000001d13e04d200, 0x000001d13e04ea50, 0x000001d13e04ffb0,
0x000001d13e05b420, 0x000001d13e010c60, 0x000001d13e2f68b0, 0x000001d13e2c2d70
}

Java Threads: ( => current thread )
  0x000001d13e031210 JavaThread "Reference Handler" daemon [_thread_blocked, id=12120, stack(0x0000000bd6d00000,0x0000000bd6e00000)]
  0x000001d13e032bf0 JavaThread "Finalizer" daemon [_thread_blocked, id=19072, stack(0x0000000bd6e00000,0x0000000bd6f00000)]
  0x000001d13e0434f0 JavaThread "Signal Dispatcher" daemon [_thread_blocked, id=3396, stack(0x0000000bd6f00000,0x0000000bd7000000)]
  0x000001d13e0450b0 JavaThread "Attach Listener" daemon [_thread_blocked, id=7028, stack(0x0000000bd7000000,0x0000000bd7100000)]
  0x000001d13e0467d0 JavaThread "Service Thread" daemon [_thread_blocked, id=13112, stack(0x0000000bd7100000,0x0000000bd7200000)]
  0x000001d13e04d200 JavaThread "Monitor Deflation Thread" daemon [_thread_blocked, id=14540, stack(0x0000000bd7200000,0x0000000bd7300000)]
  0x000001d13e04ea50 JavaThread "C2 CompilerThread0" daemon [_thread_blocked, id=14360, stack(0x0000000bd7300000,0x0000000bd7400000)]
  0x000001d13e04ffb0 JavaThread "C1 CompilerThread0" daemon [_thread_blocked, id=16800, stack(0x0000000bd7400000,0x0000000bd7500000)]
  0x000001d13e05b420 JavaThread "Sweeper thread" daemon [_thread_blocked, id=10680, stack(0x0000000bd7500000,0x0000000bd7600000)]
  0x000001d13e010c60 JavaThread "Common-Cleaner" daemon [_thread_blocked, id=17084, stack(0x0000000bd7600000,0x0000000bd7700000)]
=>0x000001d13e2f68b0 JavaThread "Monitor Ctrl-Break" daemon [_thread_in_native, id=9052, stack(0x0000000bd7700000,0x0000000bd7800000)]
  0x000001d13e2c2d70 JavaThread "Notification Thread" daemon [_thread_blocked, id=16216, stack(0x0000000bd7800000,0x0000000bd7900000)]

Other Threads:
  0x000001d13e02a1c0 VMThread "VM Thread" [stack: 0x0000000bd6c00000,0x0000000bd6d00000] [id=15536] _threads_hazard_ptr=0x000001d13e475a80
  0x000001d11e3cdc80 GCTaskThread "GC Thread#0" [stack: 0x0000000bd6700000,0x0000000bd6800000] [id=18368]
  0x000001d11e3e0860 ConcurrentGCThread "G1 Main Marker" terminated
  0x000001d11e3e1e80 ConcurrentGCThread "G1 Conc#0" [stack: 0x0000000bd6900000,0x0000000bd6a00000] [id=9888]
  0x000001d13dee20d0 ConcurrentGCThread "G1 Refine#0" terminated
  0x000001d13dee2af0 ConcurrentGCThread "G1 Service" terminated

Threads with active compile tasks:

VM state: at safepoint (normal execution)

VM Mutex/Monitor currently owned by a thread:  ([mutex/lock_event])
[0x000001d11e370220] Threads_lock - owner thread: 0x000001d13e02a1c0
[0x000001d11e36ff50] Heap_lock - owner thread: 0x000001d11e3748b0

Heap address: 0x0000000081c00000, size: 2020 MB, Compressed Oops mode: 32-bit

CDS archive(s) mapped at: [0x0000000800000000-0x0000000800bc0000-0x0000000800bc0000), size 12320768, SharedBaseAddress: 0x0000000800000000, ArchiveRelocationMode: 0.
Compressed class space mapped at: 0x0000000801000000-0x0000000841000000, reserved size: 1073741824
Narrow klass base: 0x0000000800000000, Narrow klass shift: 0, Narrow klass range: 0x100000000

GC Precious Log:
 CPUs: 4 total, 4 available
 Memory: 8072M
 Large Page Support: Disabled
 NUMA Support: Disabled
 Compressed Oops: Enabled (32-bit)
 Heap Region Size: 1M
 Heap Min Capacity: 8M
 Heap Initial Capacity: 128M
 Heap Max Capacity: 2020M
 Pre-touch: Disabled
 Parallel Workers: 4
 Concurrent Workers: 1
 Concurrent Refinement Workers: 4
 Periodic GC: Disabled

Heap:
 garbage-first heap   total 131072K, used 2048K [0x0000000081c00000, 0x0000000100000000)
  region size 1024K, 3 young (3072K), 0 survivors (0K)
 Metaspace       used 766K, committed 960K, reserved 1114112K
  class space    used 60K, committed 128K, reserved 1048576K

Heap Regions: E=young(eden), S=young(survivor), O=old, HS=humongous(starts), HC=humongous(continues), CS=collection set, F=free, OA=open archive, CA=closed archive, TAMS=top-at-mark-start (previous, next)
|   0|0x0000000081c00000, 0x0000000081c00000, 0x0000000081d00000|  0%| F|  |TAMS 0x0000000081c00000, 0x0000000081c00000| Untracked 
|   1|0x0000000081d00000, 0x0000000081d00000, 0x0000000081e00000|  0%| F|  |TAMS 0x0000000081d00000, 0x0000000081d00000| Untracked 
|   2|0x0000000081e00000, 0x0000000081e00000, 0x0000000081f00000|  0%| F|  |TAMS 0x0000000081e00000, 0x0000000081e00000| Untracked 
|   3|0x0000000081f00000, 0x0000000081f00000, 0x0000000082000000|  0%| F|  |TAMS 0x0000000081f00000, 0x0000000081f00000| Untracked 
|   4|0x0000000082000000, 0x0000000082000000, 0x0000000082100000|  0%| F|  |TAMS 0x0000000082000000, 0x0000000082000000| Untracked 
|   5|0x0000000082100000, 0x0000000082100000, 0x0000000082200000|  0%| F|  |TAMS 0x0000000082100000, 0x0000000082100000| Untracked 
|   6|0x0000000082200000, 0x0000000082200000, 0x0000000082300000|  0%| F|  |TAMS 0x0000000082200000, 0x0000000082200000| Untracked 
|   7|0x0000000082300000, 0x0000000082300000, 0x0000000082400000|  0%| F|  |TAMS 0x0000000082300000, 0x0000000082300000| Untracked 
|   8|0x0000000082400000, 0x0000000082400000, 0x0000000082500000|  0%| F|  |TAMS 0x0000000082400000, 0x0000000082400000| Untracked 
|   9|0x0000000082500000, 0x0000000082500000, 0x0000000082600000|  0%| F|  |TAMS 0x0000000082500000, 0x0000000082500000| Untracked 
|  10|0x0000000082600000, 0x0000000082600000, 0x0000000082700000|  0%| F|  |TAMS 0x0000000082600000, 0x0000000082600000| Untracked 
|  11|0x0000000082700000, 0x0000000082700000, 0x0000000082800000|  0%| F|  |TAMS 0x0000000082700000, 0x0000000082700000| Untracked 
|  12|0x0000000082800000, 0x0000000082800000, 0x0000000082900000|  0%| F|  |TAMS 0x0000000082800000, 0x0000000082800000| Untracked 
|  13|0x0000000082900000, 0x0000000082900000, 0x0000000082a00000|  0%| F|  |TAMS 0x0000000082900000, 0x0000000082900000| Untracked 
|  14|0x0000000082a00000, 0x0000000082a00000, 0x0000000082b00000|  0%| F|  |TAMS 0x0000000082a00000, 0x0000000082a00000| Untracked 
|  15|0x0000000082b00000, 0x0000000082b00000, 0x0000000082c00000|  0%| F|  |TAMS 0x0000000082b00000, 0x0000000082b00000| Untracked 
|  16|0x0000000082c00000, 0x0000000082c00000, 0x0000000082d00000|  0%| F|  |TAMS 0x0000000082c00000, 0x0000000082c00000| Untracked 
|  17|0x0000000082d00000, 0x0000000082d00000, 0x0000000082e00000|  0%| F|  |TAMS 0x0000000082d00000, 0x0000000082d00000| Untracked 
|  18|0x0000000082e00000, 0x0000000082e00000, 0x0000000082f00000|  0%| F|  |TAMS 0x0000000082e00000, 0x0000000082e00000| Untracked 
|  19|0x0000000082f00000, 0x0000000082f00000, 0x0000000083000000|  0%| F|  |TAMS 0x0000000082f00000, 0x0000000082f00000| Untracked 
|  20|0x0000000083000000, 0x0000000083000000, 0x0000000083100000|  0%| F|  |TAMS 0x0000000083000000, 0x0000000083000000| Untracked 
|  21|0x0000000083100000, 0x0000000083100000, 0x0000000083200000|  0%| F|  |TAMS 0x0000000083100000, 0x0000000083100000| Untracked 
|  22|0x0000000083200000, 0x0000000083200000, 0x0000000083300000|  0%| F|  |TAMS 0x0000000083200000, 0x0000000083200000| Untracked 
|  23|0x0000000083300000, 0x0000000083300000, 0x0000000083400000|  0%| F|  |TAMS 0x0000000083300000, 0x0000000083300000| Untracked 
|  24|0x0000000083400000, 0x0000000083400000, 0x0000000083500000|  0%| F|  |TAMS 0x0000000083400000, 0x0000000083400000| Untracked 
|  25|0x0000000083500000, 0x0000000083500000, 0x0000000083600000|  0%| F|  |TAMS 0x0000000083500000, 0x0000000083500000| Untracked 
|  26|0x0000000083600000, 0x0000000083600000, 0x0000000083700000|  0%| F|  |TAMS 0x0000000083600000, 0x0000000083600000| Untracked 
|  27|0x0000000083700000, 0x0000000083700000, 0x0000000083800000|  0%| F|  |TAMS 0x0000000083700000, 0x0000000083700000| Untracked 
|  28|0x0000000083800000, 0x0000000083800000, 0x0000000083900000|  0%| F|  |TAMS 0x0000000083800000, 0x0000000083800000| Untracked 
|  29|0x0000000083900000, 0x0000000083900000, 0x0000000083a00000|  0%| F|  |TAMS 0x0000000083900000, 0x0000000083900000| Untracked 
|  30|0x0000000083a00000, 0x0000000083a00000, 0x0000000083b00000|  0%| F|  |TAMS 0x0000000083a00000, 0x0000000083a00000| Untracked 
|  31|0x0000000083b00000, 0x0000000083b00000, 0x0000000083c00000|  0%| F|  |TAMS 0x0000000083b00000, 0x0000000083b00000| Untracked 
|  32|0x0000000083c00000, 0x0000000083c00000, 0x0000000083d00000|  0%| F|  |TAMS 0x0000000083c00000, 0x0000000083c00000| Untracked 
|  33|0x0000000083d00000, 0x0000000083d00000, 0x0000000083e00000|  0%| F|  |TAMS 0x0000000083d00000, 0x0000000083d00000| Untracked 
|  34|0x0000000083e00000, 0x0000000083e00000, 0x0000000083f00000|  0%| F|  |TAMS 0x0000000083e00000, 0x0000000083e00000| Untracked 
|  35|0x0000000083f00000, 0x0000000083f00000, 0x0000000084000000|  0%| F|  |TAMS 0x0000000083f00000, 0x0000000083f00000| Untracked 
|  36|0x0000000084000000, 0x0000000084000000, 0x0000000084100000|  0%| F|  |TAMS 0x0000000084000000, 0x0000000084000000| Untracked 
|  37|0x0000000084100000, 0x0000000084100000, 0x0000000084200000|  0%| F|  |TAMS 0x0000000084100000, 0x0000000084100000| Untracked 
|  38|0x0000000084200000, 0x0000000084200000, 0x0000000084300000|  0%| F|  |TAMS 0x0000000084200000, 0x0000000084200000| Untracked 
|  39|0x0000000084300000, 0x0000000084300000, 0x0000000084400000|  0%| F|  |TAMS 0x0000000084300000, 0x0000000084300000| Untracked 
|  40|0x0000000084400000, 0x0000000084400000, 0x0000000084500000|  0%| F|  |TAMS 0x0000000084400000, 0x0000000084400000| Untracked 
|  41|0x0000000084500000, 0x0000000084500000, 0x0000000084600000|  0%| F|  |TAMS 0x0000000084500000, 0x0000000084500000| Untracked 
|  42|0x0000000084600000, 0x0000000084600000, 0x0000000084700000|  0%| F|  |TAMS 0x0000000084600000, 0x0000000084600000| Untracked 
|  43|0x0000000084700000, 0x0000000084700000, 0x0000000084800000|  0%| F|  |TAMS 0x0000000084700000, 0x0000000084700000| Untracked 
|  44|0x0000000084800000, 0x0000000084800000, 0x0000000084900000|  0%| F|  |TAMS 0x0000000084800000, 0x0000000084800000| Untracked 
|  45|0x0000000084900000, 0x0000000084900000, 0x0000000084a00000|  0%| F|  |TAMS 0x0000000084900000, 0x0000000084900000| Untracked 
|  46|0x0000000084a00000, 0x0000000084a00000, 0x0000000084b00000|  0%| F|  |TAMS 0x0000000084a00000, 0x0000000084a00000| Untracked 
|  47|0x0000000084b00000, 0x0000000084b00000, 0x0000000084c00000|  0%| F|  |TAMS 0x0000000084b00000, 0x0000000084b00000| Untracked 
|  48|0x0000000084c00000, 0x0000000084c00000, 0x0000000084d00000|  0%| F|  |TAMS 0x0000000084c00000, 0x0000000084c00000| Untracked 
|  49|0x0000000084d00000, 0x0000000084d00000, 0x0000000084e00000|  0%| F|  |TAMS 0x0000000084d00000, 0x0000000084d00000| Untracked 
|  50|0x0000000084e00000, 0x0000000084e00000, 0x0000000084f00000|  0%| F|  |TAMS 0x0000000084e00000, 0x0000000084e00000| Untracked 
|  51|0x0000000084f00000, 0x0000000084f00000, 0x0000000085000000|  0%| F|  |TAMS 0x0000000084f00000, 0x0000000084f00000| Untracked 
|  52|0x0000000085000000, 0x0000000085000000, 0x0000000085100000|  0%| F|  |TAMS 0x0000000085000000, 0x0000000085000000| Untracked 
|  53|0x0000000085100000, 0x0000000085100000, 0x0000000085200000|  0%| F|  |TAMS 0x0000000085100000, 0x0000000085100000| Untracked 
|  54|0x0000000085200000, 0x0000000085200000, 0x0000000085300000|  0%| F|  |TAMS 0x0000000085200000, 0x0000000085200000| Untracked 
|  55|0x0000000085300000, 0x0000000085300000, 0x0000000085400000|  0%| F|  |TAMS 0x0000000085300000, 0x0000000085300000| Untracked 
|  56|0x0000000085400000, 0x0000000085400000, 0x0000000085500000|  0%| F|  |TAMS 0x0000000085400000, 0x0000000085400000| Untracked 
|  57|0x0000000085500000, 0x0000000085500000, 0x0000000085600000|  0%| F|  |TAMS 0x0000000085500000, 0x0000000085500000| Untracked 
|  58|0x0000000085600000, 0x0000000085600000, 0x0000000085700000|  0%| F|  |TAMS 0x0000000085600000, 0x0000000085600000| Untracked 
|  59|0x0000000085700000, 0x0000000085700000, 0x0000000085800000|  0%| F|  |TAMS 0x0000000085700000, 0x0000000085700000| Untracked 
|  60|0x0000000085800000, 0x0000000085800000, 0x0000000085900000|  0%| F|  |TAMS 0x0000000085800000, 0x0000000085800000| Untracked 
|  61|0x0000000085900000, 0x0000000085900000, 0x0000000085a00000|  0%| F|  |TAMS 0x0000000085900000, 0x0000000085900000| Untracked 
|  62|0x0000000085a00000, 0x0000000085a00000, 0x0000000085b00000|  0%| F|  |TAMS 0x0000000085a00000, 0x0000000085a00000| Untracked 
|  63|0x0000000085b00000, 0x0000000085b00000, 0x0000000085c00000|  0%| F|  |TAMS 0x0000000085b00000, 0x0000000085b00000| Untracked 
|  64|0x0000000085c00000, 0x0000000085c00000, 0x0000000085d00000|  0%| F|  |TAMS 0x0000000085c00000, 0x0000000085c00000| Untracked 
|  65|0x0000000085d00000, 0x0000000085d00000, 0x0000000085e00000|  0%| F|  |TAMS 0x0000000085d00000, 0x0000000085d00000| Untracked 
|  66|0x0000000085e00000, 0x0000000085e00000, 0x0000000085f00000|  0%| F|  |TAMS 0x0000000085e00000, 0x0000000085e00000| Untracked 
|  67|0x0000000085f00000, 0x0000000085f00000, 0x0000000086000000|  0%| F|  |TAMS 0x0000000085f00000, 0x0000000085f00000| Untracked 
|  68|0x0000000086000000, 0x0000000086000000, 0x0000000086100000|  0%| F|  |TAMS 0x0000000086000000, 0x0000000086000000| Untracked 
|  69|0x0000000086100000, 0x0000000086100000, 0x0000000086200000|  0%| F|  |TAMS 0x0000000086100000, 0x0000000086100000| Untracked 
|  70|0x0000000086200000, 0x0000000086200000, 0x0000000086300000|  0%| F|  |TAMS 0x0000000086200000, 0x0000000086200000| Untracked 
|  71|0x0000000086300000, 0x0000000086300000, 0x0000000086400000|  0%| F|  |TAMS 0x0000000086300000, 0x0000000086300000| Untracked 
|  72|0x0000000086400000, 0x0000000086400000, 0x0000000086500000|  0%| F|  |TAMS 0x0000000086400000, 0x0000000086400000| Untracked 
|  73|0x0000000086500000, 0x0000000086500000, 0x0000000086600000|  0%| F|  |TAMS 0x0000000086500000, 0x0000000086500000| Untracked 
|  74|0x0000000086600000, 0x0000000086600000, 0x0000000086700000|  0%| F|  |TAMS 0x0000000086600000, 0x0000000086600000| Untracked 
|  75|0x0000000086700000, 0x0000000086700000, 0x0000000086800000|  0%| F|  |TAMS 0x0000000086700000, 0x0000000086700000| Untracked 
|  76|0x0000000086800000, 0x0000000086800000, 0x0000000086900000|  0%| F|  |TAMS 0x0000000086800000, 0x0000000086800000| Untracked 
|  77|0x0000000086900000, 0x0000000086900000, 0x0000000086a00000|  0%| F|  |TAMS 0x0000000086900000, 0x0000000086900000| Untracked 
|  78|0x0000000086a00000, 0x0000000086a00000, 0x0000000086b00000|  0%| F|  |TAMS 0x0000000086a00000, 0x0000000086a00000| Untracked 
|  79|0x0000000086b00000, 0x0000000086b00000, 0x0000000086c00000|  0%| F|  |TAMS 0x0000000086b00000, 0x0000000086b00000| Untracked 
|  80|0x0000000086c00000, 0x0000000086c00000, 0x0000000086d00000|  0%| F|  |TAMS 0x0000000086c00000, 0x0000000086c00000| Untracked 
|  81|0x0000000086d00000, 0x0000000086d00000, 0x0000000086e00000|  0%| F|  |TAMS 0x0000000086d00000, 0x0000000086d00000| Untracked 
|  82|0x0000000086e00000, 0x0000000086e00000, 0x0000000086f00000|  0%| F|  |TAMS 0x0000000086e00000, 0x0000000086e00000| Untracked 
|  83|0x0000000086f00000, 0x0000000086f00000, 0x0000000087000000|  0%| F|  |TAMS 0x0000000086f00000, 0x0000000086f00000| Untracked 
|  84|0x0000000087000000, 0x0000000087000000, 0x0000000087100000|  0%| F|  |TAMS 0x0000000087000000, 0x0000000087000000| Untracked 
|  85|0x0000000087100000, 0x0000000087100000, 0x0000000087200000|  0%| F|  |TAMS 0x0000000087100000, 0x0000000087100000| Untracked 
|  86|0x0000000087200000, 0x0000000087200000, 0x0000000087300000|  0%| F|  |TAMS 0x0000000087200000, 0x0000000087200000| Untracked 
|  87|0x0000000087300000, 0x0000000087300000, 0x0000000087400000|  0%| F|  |TAMS 0x0000000087300000, 0x0000000087300000| Untracked 
|  88|0x0000000087400000, 0x0000000087400000, 0x0000000087500000|  0%| F|  |TAMS 0x0000000087400000, 0x0000000087400000| Untracked 
|  89|0x0000000087500000, 0x0000000087500000, 0x0000000087600000|  0%| F|  |TAMS 0x0000000087500000, 0x0000000087500000| Untracked 
|  90|0x0000000087600000, 0x0000000087600000, 0x0000000087700000|  0%| F|  |TAMS 0x0000000087600000, 0x0000000087600000| Untracked 
|  91|0x0000000087700000, 0x0000000087700000, 0x0000000087800000|  0%| F|  |TAMS 0x0000000087700000, 0x0000000087700000| Untracked 
|  92|0x0000000087800000, 0x0000000087800000, 0x0000000087900000|  0%| F|  |TAMS 0x0000000087800000, 0x0000000087800000| Untracked 
|  93|0x0000000087900000, 0x0000000087900000, 0x0000000087a00000|  0%| F|  |TAMS 0x0000000087900000, 0x0000000087900000| Untracked 
|  94|0x0000000087a00000, 0x0000000087a00000, 0x0000000087b00000|  0%| F|  |TAMS 0x0000000087a00000, 0x0000000087a00000| Untracked 
|  95|0x0000000087b00000, 0x0000000087b00000, 0x0000000087c00000|  0%| F|  |TAMS 0x0000000087b00000, 0x0000000087b00000| Untracked 
|  96|0x0000000087c00000, 0x0000000087c00000, 0x0000000087d00000|  0%| F|  |TAMS 0x0000000087c00000, 0x0000000087c00000| Untracked 
|  97|0x0000000087d00000, 0x0000000087d00000, 0x0000000087e00000|  0%| F|  |TAMS 0x0000000087d00000, 0x0000000087d00000| Untracked 
|  98|0x0000000087e00000, 0x0000000087e00000, 0x0000000087f00000|  0%| F|  |TAMS 0x0000000087e00000, 0x0000000087e00000| Untracked 
|  99|0x0000000087f00000, 0x0000000087f00000, 0x0000000088000000|  0%| F|  |TAMS 0x0000000087f00000, 0x0000000087f00000| Untracked 
| 100|0x0000000088000000, 0x0000000088000000, 0x0000000088100000|  0%| F|  |TAMS 0x0000000088000000, 0x0000000088000000| Untracked 
| 101|0x0000000088100000, 0x0000000088100000, 0x0000000088200000|  0%| F|  |TAMS 0x0000000088100000, 0x0000000088100000| Untracked 
| 102|0x0000000088200000, 0x0000000088200000, 0x0000000088300000|  0%| F|  |TAMS 0x0000000088200000, 0x0000000088200000| Untracked 
| 103|0x0000000088300000, 0x0000000088300000, 0x0000000088400000|  0%| F|  |TAMS 0x0000000088300000, 0x0000000088300000| Untracked 
| 104|0x0000000088400000, 0x0000000088400000, 0x0000000088500000|  0%| F|  |TAMS 0x0000000088400000, 0x0000000088400000| Untracked 
| 105|0x0000000088500000, 0x0000000088500000, 0x0000000088600000|  0%| F|  |TAMS 0x0000000088500000, 0x0000000088500000| Untracked 
| 106|0x0000000088600000, 0x0000000088600000, 0x0000000088700000|  0%| F|  |TAMS 0x0000000088600000, 0x0000000088600000| Untracked 
| 107|0x0000000088700000, 0x0000000088700000, 0x0000000088800000|  0%| F|  |TAMS 0x0000000088700000, 0x0000000088700000| Untracked 
| 108|0x0000000088800000, 0x0000000088800000, 0x0000000088900000|  0%| F|  |TAMS 0x0000000088800000, 0x0000000088800000| Untracked 
| 109|0x0000000088900000, 0x0000000088900000, 0x0000000088a00000|  0%| F|  |TAMS 0x0000000088900000, 0x0000000088900000| Untracked 
| 110|0x0000000088a00000, 0x0000000088a00000, 0x0000000088b00000|  0%| F|  |TAMS 0x0000000088a00000, 0x0000000088a00000| Untracked 
| 111|0x0000000088b00000, 0x0000000088b00000, 0x0000000088c00000|  0%| F|  |TAMS 0x0000000088b00000, 0x0000000088b00000| Untracked 
| 112|0x0000000088c00000, 0x0000000088c00000, 0x0000000088d00000|  0%| F|  |TAMS 0x0000000088c00000, 0x0000000088c00000| Untracked 
| 113|0x0000000088d00000, 0x0000000088d00000, 0x0000000088e00000|  0%| F|  |TAMS 0x0000000088d00000, 0x0000000088d00000| Untracked 
| 114|0x0000000088e00000, 0x0000000088e00000, 0x0000000088f00000|  0%| F|  |TAMS 0x0000000088e00000, 0x0000000088e00000| Untracked 
| 115|0x0000000088f00000, 0x0000000088f00000, 0x0000000089000000|  0%| F|  |TAMS 0x0000000088f00000, 0x0000000088f00000| Untracked 
| 116|0x0000000089000000, 0x0000000089000000, 0x0000000089100000|  0%| F|  |TAMS 0x0000000089000000, 0x0000000089000000| Untracked 
| 117|0x0000000089100000, 0x0000000089100000, 0x0000000089200000|  0%| F|  |TAMS 0x0000000089100000, 0x0000000089100000| Untracked 
| 118|0x0000000089200000, 0x0000000089200000, 0x0000000089300000|  0%| F|  |TAMS 0x0000000089200000, 0x0000000089200000| Untracked 
| 119|0x0000000089300000, 0x0000000089300000, 0x0000000089400000|  0%| F|  |TAMS 0x0000000089300000, 0x0000000089300000| Untracked 
| 120|0x0000000089400000, 0x0000000089400000, 0x0000000089500000|  0%| F|  |TAMS 0x0000000089400000, 0x0000000089400000| Untracked 
| 121|0x0000000089500000, 0x0000000089500000, 0x0000000089600000|  0%| F|  |TAMS 0x0000000089500000, 0x0000000089500000| Untracked 
| 122|0x0000000089600000, 0x0000000089600000, 0x0000000089700000|  0%| F|  |TAMS 0x0000000089600000, 0x0000000089600000| Untracked 
| 123|0x0000000089700000, 0x0000000089700000, 0x0000000089800000|  0%| F|  |TAMS 0x0000000089700000, 0x0000000089700000| Untracked 
| 124|0x0000000089800000, 0x0000000089800000, 0x0000000089900000|  0%| F|  |TAMS 0x0000000089800000, 0x0000000089800000| Untracked 
| 125|0x0000000089900000, 0x0000000089a00000, 0x0000000089a00000|100%| E|  |TAMS 0x0000000089900000, 0x0000000089900000| Complete 
| 126|0x0000000089a00000, 0x0000000089b00000, 0x0000000089b00000|100%| E|CS|TAMS 0x0000000089a00000, 0x0000000089a00000| Complete 
| 127|0x0000000089b00000, 0x0000000089c00000, 0x0000000089c00000|100%| E|CS|TAMS 0x0000000089b00000, 0x0000000089b00000| Complete 

Card table byte_map: [0x000001d137330000,0x000001d137730000] _byte_map_base: 0x000001d136f22000

Marking Bits (Prev, Next): (CMBitMap*) 0x000001d11e3ce290, (CMBitMap*) 0x000001d11e3ce2d0
 Prev Bits: [0x000001d137b30000, 0x000001d139ac0000)
 Next Bits: [0x000001d139ac0000, 0x000001d13ba50000)

Polling page: 0x000001d11df40000

Metaspace:

Usage:
  Non-class:    706.30 KB used.
      Class:     60.52 KB used.
       Both:    766.82 KB used.

Virtual space:
  Non-class space:       64.00 MB reserved,     832.00 KB (  1%) committed,  1 nodes.
      Class space:        1.00 GB reserved,     128.00 KB ( <1%) committed,  1 nodes.
             Both:        1.06 GB reserved,     960.00 KB ( <1%) committed. 

Chunk freelists:
   Non-Class:  11.93 MB
       Class:  15.73 MB
        Both:  27.66 MB

MaxMetaspaceSize: unlimited
CompressedClassSpaceSize: 1.00 GB
Initial GC threshold: 21.00 MB
Current GC threshold: 21.00 MB
CDS: on
MetaspaceReclaimPolicy: balanced
 - commit_granule_bytes: 65536.
 - commit_granule_words: 8192.
 - virtual_space_node_default_size: 8388608.
 - enlarge_chunks_in_place: 1.
 - new_chunks_are_fully_committed: 0.
 - uncommit_free_chunks: 1.
 - use_allocation_guard: 0.
 - handle_deallocations: 1.


Internal statistics:

num_allocs_failed_limit: 0.
num_arena_births: 32.
num_arena_deaths: 0.
num_vsnodes_births: 2.
num_vsnodes_deaths: 0.
num_space_committed: 15.
num_space_uncommitted: 0.
num_chunks_returned_to_freelist: 0.
num_chunks_taken_from_freelist: 39.
num_chunk_merges: 0.
num_chunk_splits: 27.
num_chunks_enlarged: 17.
num_inconsistent_stats: 0.

CodeHeap 'non-profiled nmethods': size=120000Kb used=102Kb max_used=102Kb free=119897Kb
 bounds [0x000001d12f4d0000, 0x000001d12f740000, 0x000001d136a00000]
CodeHeap 'profiled nmethods': size=120000Kb used=330Kb max_used=330Kb free=119670Kb
 bounds [0x000001d127a00000, 0x000001d127c70000, 0x000001d12ef30000]
CodeHeap 'non-nmethods': size=5760Kb used=1123Kb max_used=1137Kb free=4636Kb
 bounds [0x000001d12ef30000, 0x000001d12f1a0000, 0x000001d12f4d0000]
 total_blobs=697 nmethods=290 adapters=320
 compilation: enabled
              stopped_count=0, restarted_count=0
 full_count=0

Compilation events (20 events):
Event: 0.260 Thread 0x000001d13e04ea50 nmethod 269 0x000001d12f4e6590 code [0x000001d12f4e6720, 0x000001d12f4e6808]
Event: 0.262 Thread 0x000001d13e04ea50  283       4       java.lang.String::length (11 bytes)
Event: 0.263 Thread 0x000001d13e04ea50 nmethod 283 0x000001d12f4e7e10 code [0x000001d12f4e7f80, 0x000001d12f4e8018]
Event: 0.263 Thread 0x000001d13e04ea50  285       4       java.lang.String::coder (15 bytes)
Event: 0.264 Thread 0x000001d13e04ea50 nmethod 285 0x000001d12f4e8410 code [0x000001d12f4e8580, 0x000001d12f4e85f8]
Event: 0.264 Thread 0x000001d13e04ea50  288       4       jdk.internal.org.objectweb.asm.SymbolTable::get (13 bytes)
Event: 0.265 Thread 0x000001d13e04ffb0 nmethod 266 0x000001d127a47610 code [0x000001d127a48540, 0x000001d127a4efb8]
Event: 0.265 Thread 0x000001d13e04ffb0  272       3       java.util.Arrays::equals (57 bytes)
Event: 0.265 Thread 0x000001d13e04ffb0 nmethod 272 0x000001d127a50b90 code [0x000001d127a50d80, 0x000001d127a51348]
Event: 0.265 Thread 0x000001d13e04ffb0  268       3       jdk.internal.org.objectweb.asm.SymbolTable::addConstantUtf8 (98 bytes)
Event: 0.266 Thread 0x000001d13e04ea50 nmethod 288 0x000001d12f4e9010 code [0x000001d12f4e9180, 0x000001d12f4e9258]
Event: 0.266 Thread 0x000001d13e04ffb0 nmethod 268 0x000001d127a51510 code [0x000001d127a51740, 0x000001d127a51d18]
Event: 0.266 Thread 0x000001d13e04ffb0  274       3       java.lang.Number::<init> (5 bytes)
Event: 0.266 Thread 0x000001d13e04ffb0 nmethod 274 0x000001d127a52090 code [0x000001d127a52220, 0x000001d127a52378]
Event: 0.266 Thread 0x000001d13e04ffb0  267       1       java.lang.invoke.LambdaForm$Name::index (5 bytes)
Event: 0.266 Thread 0x000001d13e04ffb0 nmethod 267 0x000001d12f4e9310 code [0x000001d12f4e94a0, 0x000001d12f4e9578]
Event: 0.266 Thread 0x000001d13e04ffb0  279       1       java.lang.invoke.LambdaForm$BasicType::basicTypeClass (5 bytes)
Event: 0.266 Thread 0x000001d13e04ffb0 nmethod 279 0x000001d12f4e9610 code [0x000001d12f4e97a0, 0x000001d12f4e9878]
Event: 0.266 Thread 0x000001d13e04ffb0  276       3       java.lang.Class::getName (18 bytes)
Event: 0.267 Thread 0x000001d13e04ffb0 nmethod 276 0x000001d127a52410 code [0x000001d127a525c0, 0x000001d127a52748]

GC Heap History (0 events):
No events

Dll operation events (8 events):
Event: 0.017 Loaded shared library C:\Users\srt\.jdks\corretto-17.0.7\bin\java.dll
Event: 0.028 Loaded shared library C:\Users\srt\.jdks\corretto-17.0.7\bin\jsvml.dll
Event: 0.113 Loaded shared library C:\Users\srt\.jdks\corretto-17.0.7\bin\zip.dll
Event: 0.134 Loaded shared library C:\Users\srt\.jdks\corretto-17.0.7\bin\instrument.dll
Event: 0.194 Loaded shared library C:\Users\srt\.jdks\corretto-17.0.7\bin\net.dll
Event: 0.203 Loaded shared library C:\Users\srt\.jdks\corretto-17.0.7\bin\nio.dll
Event: 0.213 Loaded shared library C:\Users\srt\.jdks\corretto-17.0.7\bin\zip.dll
Event: 0.237 Loaded shared library C:\Program Files\JetBrains\IntelliJ IDEA Community Edition 2023.1.2\bin\breakgen64.dll

Deoptimization events (20 events):
Event: 0.215 Thread 0x000001d11e3748b0 Uncommon trap: trap_request=0xffffffde fr.pc=0x000001d12f4dc83c relative=0x000000000000065c
Event: 0.215 Thread 0x000001d11e3748b0 Uncommon trap: reason=class_check action=maybe_recompile pc=0x000001d12f4dc83c method=java.util.HashMap.putVal(ILjava/lang/Object;Ljava/lang/Object;ZZ)Ljava/lang/Object; @ 152 c2
Event: 0.215 Thread 0x000001d11e3748b0 DEOPT PACKING pc=0x000001d12f4dc83c sp=0x0000000bd66fdc30
Event: 0.215 Thread 0x000001d11e3748b0 DEOPT UNPACKING pc=0x000001d12ef869a3 sp=0x0000000bd66fdbb0 mode 2
Event: 0.220 Thread 0x000001d11e3748b0 Uncommon trap: trap_request=0xffffffde fr.pc=0x000001d12f4dc83c relative=0x000000000000065c
Event: 0.220 Thread 0x000001d11e3748b0 Uncommon trap: reason=class_check action=maybe_recompile pc=0x000001d12f4dc83c method=java.util.HashMap.putVal(ILjava/lang/Object;Ljava/lang/Object;ZZ)Ljava/lang/Object; @ 152 c2
Event: 0.220 Thread 0x000001d11e3748b0 DEOPT PACKING pc=0x000001d12f4dc83c sp=0x0000000bd66fdc30
Event: 0.220 Thread 0x000001d11e3748b0 DEOPT UNPACKING pc=0x000001d12ef869a3 sp=0x0000000bd66fdbb0 mode 2
Event: 0.223 Thread 0x000001d11e3748b0 Uncommon trap: trap_request=0xffffffde fr.pc=0x000001d12f4dc83c relative=0x000000000000065c
Event: 0.223 Thread 0x000001d11e3748b0 Uncommon trap: reason=class_check action=maybe_recompile pc=0x000001d12f4dc83c method=java.util.HashMap.putVal(ILjava/lang/Object;Ljava/lang/Object;ZZ)Ljava/lang/Object; @ 152 c2
Event: 0.223 Thread 0x000001d11e3748b0 DEOPT PACKING pc=0x000001d12f4dc83c sp=0x0000000bd66fdc30
Event: 0.223 Thread 0x000001d11e3748b0 DEOPT UNPACKING pc=0x000001d12ef869a3 sp=0x0000000bd66fdbb0 mode 2
Event: 0.241 Thread 0x000001d11e3748b0 Uncommon trap: trap_request=0xffffff45 fr.pc=0x000001d12f4de5f8 relative=0x0000000000000078
Event: 0.241 Thread 0x000001d11e3748b0 Uncommon trap: reason=unstable_if action=reinterpret pc=0x000001d12f4de5f8 method=java.lang.String.isLatin1()Z @ 10 c2
Event: 0.241 Thread 0x000001d11e3748b0 DEOPT PACKING pc=0x000001d12f4de5f8 sp=0x0000000bd66fecc0
Event: 0.241 Thread 0x000001d11e3748b0 DEOPT UNPACKING pc=0x000001d12ef869a3 sp=0x0000000bd66fec00 mode 2
Event: 0.243 Thread 0x000001d11e3748b0 Uncommon trap: trap_request=0xffffffde fr.pc=0x000001d12f4dc83c relative=0x000000000000065c
Event: 0.243 Thread 0x000001d11e3748b0 Uncommon trap: reason=class_check action=maybe_recompile pc=0x000001d12f4dc83c method=java.util.HashMap.putVal(ILjava/lang/Object;Ljava/lang/Object;ZZ)Ljava/lang/Object; @ 152 c2
Event: 0.243 Thread 0x000001d11e3748b0 DEOPT PACKING pc=0x000001d12f4dc83c sp=0x0000000bd66fdbd0
Event: 0.243 Thread 0x000001d11e3748b0 DEOPT UNPACKING pc=0x000001d12ef869a3 sp=0x0000000bd66fdb50 mode 2

Classes unloaded (0 events):
No events

Classes redefined (1 events):
Event: 0.239 Thread 0x000001d13e02a1c0 redefined class name=java.io.FileOutputStream, count=1

Internal exceptions (2 events):
Event: 0.244 Thread 0x000001d13e2f68b0 Exception <a 'java/lang/NoSuchMethodError'{0x00000000899046c8}: 'java.lang.Object java.lang.invoke.DirectMethodHandle$Holder.invokeStaticInit(java.lang.Object)'> (0x00000000899046c8) 
thrown [s\src\hotspot\share\interpreter\linkResolver.cpp, line 759]
Event: 0.261 Thread 0x000001d13e2f68b0 Exception <a 'java/lang/NoSuchMethodError'{0x0000000089912420}: 'void java.lang.invoke.DirectMethodHandle$Holder.invokeStatic(java.lang.Object, java.lang.Object)'> (0x0000000089912420) 
thrown [s\src\hotspot\share\interpreter\linkResolver.cpp, line 759]

VM Operations (6 events):
Event: 0.080 Executing VM operation: HandshakeAllThreads
Event: 0.081 Executing VM operation: HandshakeAllThreads done
Event: 0.239 Executing VM operation: RedefineClasses
Event: 0.240 Executing VM operation: RedefineClasses done
Event: 0.243 Executing VM operation: HandshakeAllThreads
Event: 0.243 Executing VM operation: HandshakeAllThreads done

Events (20 events):
Event: 0.262 loading class sun/net/spi/DefaultProxySelector
Event: 0.263 loading class sun/net/spi/DefaultProxySelector done
Event: 0.263 loading class java/net/Proxy
Event: 0.263 loading class java/net/Proxy done
Event: 0.263 loading class java/net/Proxy$Type
Event: 0.263 loading class java/net/Proxy$Type done
Event: 0.263 loading class sun/net/spi/DefaultProxySelector$1
Event: 0.263 loading class sun/net/spi/DefaultProxySelector$1 done
Event: 0.264 loading class sun/net/spi/DefaultProxySelector$NonProxyInfo
Event: 0.264 loading class sun/net/spi/DefaultProxySelector$NonProxyInfo done
Event: 0.264 loading class sun/net/spi/DefaultProxySelector$3
Event: 0.264 loading class sun/net/spi/DefaultProxySelector$3 done
Event: 0.264 loading class sun/net/NetHooks
Event: 0.265 loading class sun/net/NetHooks done
Event: 0.265 loading class sun/nio/ch/NativeThread
Event: 0.265 loading class sun/nio/ch/NativeThread done
Event: 0.266 Thread 0x000001d11e3748b0 Thread exited: 0x000001d11e3748b0
Event: 0.266 Thread 0x000001d11e3748b0 Thread added: 0x000001d11e3748b0
Event: 0.266 loading class java/io/BufferedReader
Event: 0.267 Thread 0x000001d11e3748b0 Thread exited: 0x000001d11e3748b0


Dynamic libraries:
0x00007ff78f1b0000 - 0x00007ff78f1bd000 	C:\Users\srt\.jdks\corretto-17.0.7\bin\java.exe
0x00007ff90fc70000 - 0x00007ff90fe68000 	C:\Windows\SYSTEM32\ntdll.dll
0x00007ff90f9d0000 - 0x00007ff90fa8f000 	C:\Windows\System32\KERNEL32.DLL
0x00007ff90f6d0000 - 0x00007ff90f9c6000 	C:\Windows\System32\KERNELBASE.dll
0x0000000062400000 - 0x000000006243b000 	C:\Windows\System32\cyinjct.dll
0x00007ff90f550000 - 0x00007ff90f55c000 	C:\Windows\System32\ntnativeapi.dll
0x00007ff9073a0000 - 0x00007ff9073b7000 	C:\Users\srt\.jdks\corretto-17.0.7\bin\jli.dll
0x000001d11e080000 - 0x000001d11e21d000 	C:\Windows\System32\USER32.dll
0x00007ff90d620000 - 0x00007ff90d642000 	C:\Windows\System32\win32u.dll
0x00007ff90e880000 - 0x00007ff90e8ac000 	C:\Windows\System32\GDI32.dll
0x00007ff90d700000 - 0x00007ff90d815000 	C:\Windows\System32\gdi32full.dll
0x00007ff90d280000 - 0x00007ff90d31d000 	C:\Windows\System32\msvcp_win.dll
0x000001d11e220000 - 0x000001d11e320000 	C:\Windows\System32\ucrtbase.dll
0x00007ff907280000 - 0x00007ff907295000 	C:\Users\srt\.jdks\corretto-17.0.7\bin\VCRUNTIME140.dll
0x00007ff8faa60000 - 0x00007ff8facfa000 	C:\Windows\WinSxS\amd64_microsoft.windows.common-controls_6595b64144ccf1df_6.0.19041.1110_none_60b5254171f9507e\COMCTL32.dll
0x00007ff90f300000 - 0x00007ff90f39e000 	C:\Windows\System32\msvcrt.dll
0x00007ff90f530000 - 0x00007ff90f54e000 	C:\Windows\System32\cyvera.dll
0x00007ff90f4c0000 - 0x00007ff90f529000 	C:\Windows\System32\cyvrtrap.dll
0x00007ff90e850000 - 0x00007ff90e880000 	C:\Windows\System32\IMM32.DLL
0x00007ff905bb0000 - 0x00007ff905c4b000 	C:\Users\srt\.jdks\corretto-17.0.7\bin\msvcp140.dll
0x00007ff8c9b00000 - 0x00007ff8ca71a000 	C:\Users\srt\.jdks\corretto-17.0.7\bin\server\jvm.dll
0x00007ff90deb0000 - 0x00007ff90df5f000 	C:\Windows\System32\ADVAPI32.dll
0x00007ff90f3a0000 - 0x00007ff90f43c000 	C:\Windows\System32\sechost.dll
0x00007ff90f5a0000 - 0x00007ff90f6c6000 	C:\Windows\System32\RPCRT4.dll
0x00007ff8f8140000 - 0x00007ff8f8149000 	C:\Windows\SYSTEM32\WSOCK32.dll
0x00007ff90eee0000 - 0x00007ff90ef4b000 	C:\Windows\System32\WS2_32.dll
0x00007ff8f6d40000 - 0x00007ff8f6d67000 	C:\Windows\SYSTEM32\WINMM.dll
0x00007ff904460000 - 0x00007ff90446a000 	C:\Windows\SYSTEM32\VERSION.dll
0x00007ff90bdf0000 - 0x00007ff90be02000 	C:\Windows\SYSTEM32\kernel.appcore.dll
0x00007ff90a8f0000 - 0x00007ff90a8fa000 	C:\Users\srt\.jdks\corretto-17.0.7\bin\jimage.dll
0x00007ff90b790000 - 0x00007ff90b974000 	C:\Windows\SYSTEM32\DBGHELP.DLL
0x00007ff8ecf80000 - 0x00007ff8ecfb4000 	C:\Windows\SYSTEM32\dbgcore.DLL
0x00007ff90d820000 - 0x00007ff90d8a2000 	C:\Windows\System32\bcryptPrimitives.dll
0x00007ff9086e0000 - 0x00007ff9086ee000 	C:\Users\srt\.jdks\corretto-17.0.7\bin\instrument.dll
0x00007ff9070a0000 - 0x00007ff9070c5000 	C:\Users\srt\.jdks\corretto-17.0.7\bin\java.dll
0x00007ff90f480000 - 0x00007ff90f4b7000 	C:\Program Files\Palo Alto Networks\Traps\cyjagent.dll
0x00007ff8fb130000 - 0x00007ff8fb206000 	C:\Users\srt\.jdks\corretto-17.0.7\bin\jsvml.dll
0x00007ff90e070000 - 0x00007ff90e7b4000 	C:\Windows\System32\SHELL32.dll
0x00007ff90af20000 - 0x00007ff90b6b3000 	C:\Windows\SYSTEM32\windows.storage.dll
0x00007ff90eb80000 - 0x00007ff90eed4000 	C:\Windows\System32\combase.dll
0x00007ff90cbb0000 - 0x00007ff90cbde000 	C:\Windows\SYSTEM32\Wldp.dll
0x00007ff90f020000 - 0x00007ff90f0cd000 	C:\Windows\System32\SHCORE.dll
0x00007ff90e010000 - 0x00007ff90e065000 	C:\Windows\System32\shlwapi.dll
0x00007ff90d170000 - 0x00007ff90d18f000 	C:\Windows\SYSTEM32\profapi.dll
0x00007ff906fc0000 - 0x00007ff906fd8000 	C:\Users\srt\.jdks\corretto-17.0.7\bin\zip.dll
0x00007ff907080000 - 0x00007ff907099000 	C:\Users\srt\.jdks\corretto-17.0.7\bin\net.dll
0x00007ff8fbb10000 - 0x00007ff8fbc1a000 	C:\Windows\SYSTEM32\WINHTTP.dll
0x00007ff90c910000 - 0x00007ff90c97a000 	C:\Windows\system32\mswsock.dll
0x00007ff907040000 - 0x00007ff907055000 	C:\Users\srt\.jdks\corretto-17.0.7\bin\nio.dll
0x00007ff905b70000 - 0x00007ff905b8a000 	C:\Program Files\JetBrains\IntelliJ IDEA Community Edition 2023.1.2\bin\breakgen64.dll

dbghelp: loaded successfully - version: 4.0.5 - missing functions: none
symbol engine: initialized successfully - sym options: 0x614 - pdb path: .;C:\Users\srt\.jdks\corretto-17.0.7\bin;C:\Windows\SYSTEM32;C:\Windows\WinSxS\amd64_microsoft.windows.common-controls_6595b64144ccf1df_6.0.19041.1110_none_60b5254171f9507e;C:\Users\srt\.jdks\corretto-17.0.7\bin\server;C:\Program Files\Palo Alto Networks\Traps;C:\Program Files\JetBrains\IntelliJ IDEA Community Edition 2023.1.2\bin

VM Arguments:
jvm_args: -javaagent:C:\Program Files\JetBrains\IntelliJ IDEA Community Edition 2023.1.2\lib\idea_rt.jar=52862:C:\Program Files\JetBrains\IntelliJ IDEA Community Edition 2023.1.2\bin -Dfile.encoding=UTF-8 -agentpath:C:\Program Files\Palo Alto Networks\Traps\cyjagent.dll 
java_command: MainKt
java_class_path (initial): D:\MILETAP WORKSPACE\Inheritence-Polymorhism\build\classes\kotlin\main;C:\Users\srt\.gradle\caches\modules-2\files-2.1\org.jetbrains.kotlin\kotlin-stdlib-jdk8\1.8.21\67f57e154437cd9e6e9cf368394b95814836ff88\kotlin-stdlib-jdk8-1.8.21.jar;C:\Users\srt\.gradle\caches\modules-2\files-2.1\org.jetbrains.kotlin\kotlin-stdlib-jdk7\1.8.21\7473b8cd3c0ef9932345baf569bc398e8a717046\kotlin-stdlib-jdk7-1.8.21.jar;C:\Users\srt\.gradle\caches\modules-2\files-2.1\org.jetbrains.kotlin\kotlin-stdlib\1.8.21\43d50ab85bc7587adfe3dda3dbe579e5f8d51265\kotlin-stdlib-1.8.21.jar;C:\Users\srt\.gradle\caches\modules-2\files-2.1\org.jetbrains.kotlin\kotlin-stdlib-common\1.8.21\d749cd5ae25da36d06e5028785038e24f9d37976\kotlin-stdlib-common-1.8.21.jar;C:\Users\srt\.gradle\caches\modules-2\files-2.1\org.jetbrains\annotations\13.0\919f0dfe192fb4e063e7dacadee7f8bb9a2672a9\annotations-13.0.jar
Launcher Type: SUN_STANDARD

[Global flags]
     intx CICompilerCount                          = 3                                         {product} {ergonomic}
     uint ConcGCThreads                            = 1                                         {product} {ergonomic}
     uint G1ConcRefinementThreads                  = 4                                         {product} {ergonomic}
   size_t G1HeapRegionSize                         = 1048576                                   {product} {ergonomic}
    uintx GCDrainStackTargetSize                   = 64                                        {product} {ergonomic}
   size_t InitialHeapSize                          = 134217728                                 {product} {ergonomic}
   size_t MarkStackSize                            = 4194304                                   {product} {ergonomic}
   size_t MaxHeapSize                              = 2118123520                                {product} {ergonomic}
   size_t MaxNewSize                               = 1270874112                                {product} {ergonomic}
   size_t MinHeapDeltaBytes                        = 1048576                                   {product} {ergonomic}
   size_t MinHeapSize                              = 8388608                                   {product} {ergonomic}
    uintx NonNMethodCodeHeapSize                   = 5832780                                {pd product} {ergonomic}
    uintx NonProfiledCodeHeapSize                  = 122912730                              {pd product} {ergonomic}
    uintx ProfiledCodeHeapSize                     = 122912730                              {pd product} {ergonomic}
    uintx ReservedCodeCacheSize                    = 251658240                              {pd product} {ergonomic}
     bool SegmentedCodeCache                       = true                                      {product} {ergonomic}
   size_t SoftMaxHeapSize                          = 2118123520                             {manageable} {ergonomic}
     bool UseCompressedClassPointers               = true                           {product lp64_product} {ergonomic}
     bool UseCompressedOops                        = true                           {product lp64_product} {ergonomic}
     bool UseG1GC                                  = true                                      {product} {ergonomic}
     bool UseLargePagesIndividualAllocation        = false                                  {pd product} {ergonomic}

Logging:
Log output configuration:
 #0: stdout all=warning uptime,level,tags
 #1: stderr all=off uptime,level,tags

Environment Variables:
JAVA_HOME=C:\Program Files\Microsoft\jdk-11.0.18.10-hotspot\
PATH=C:\Program Files\Microsoft\jdk-11.0.18.10-hotspot\bin;C:\Windows\system32;C:\Windows;C:\Windows\System32\Wbem;C:\Windows\System32\WindowsPowerShell\v1.0\;C:\Windows\System32\OpenSSH\;C:\Program Files\dotnet\;C:\Program Files (x86)\IncrediBuild;C:\Program Files\Git\cmd;C:\Program Files\Microsoft SQL Server\Client SDK\ODBC\170\Tools\Binn\;C:\Program Files\Azure Data Studio\bin;C:\Program Files (x86)\Microsoft SQL Server\160\DTS\Binn\;C:\Program Files\Microsoft SQL Server\130\Tools\Binn\;C:\Program Files (x86)\Microsoft SQL Server\150\DTS\Binn\;C:\Users\srt\Downloads\jdk-19_windows-x64_bin\jdk-19.0.2\bin;C:\ProgramData\chocolatey\bin;C:\Program Files\nodejs\;C:\Users\srt\AppData\Local\Programs\Python\Python39\Scripts\;C:\Users\srt\AppData\Local\Programs\Python\Python39\;C:\Users\srt\AppData\Local\Microsoft\WindowsApps;C:\Users\srt\AppData\Local\GitHubDesktop\bin;C:\Users\srt\.dotnet\tools;C:\Users\srt\Downloads\flutter_windows_3.0.5-stable\flutter\bin;;C:\Program Files\Azure Data Studio\bin;C:\Users\srt\AppData\Local\Programs\Microsoft VS Code\bin;C:\Users\srt\AppData\Roaming\npm;C:\Program Files\JetBrains\IntelliJ IDEA Community Edition 2023.1.2\bin;
USERNAME=srt
OS=Windows_NT
PROCESSOR_IDENTIFIER=Intel64 Family 6 Model 142 Stepping 9, GenuineIntel
TMP=C:\Users\srt\AppData\Local\Temp
TEMP=C:\Users\srt\AppData\Local\Temp



---------------  S Y S T E M  ---------------

OS:
 Windows 10 , 64 bit Build 19041 (10.0.19041.2913)
OS uptime: 7 days 8:15 hours

CPU: total 4 (initial active 4) (2 cores per cpu, 2 threads per core) family 6 model 142 stepping 9 microcode 0xd6, cx8, cmov, fxsr, ht, mmx, 3dnowpref, sse, sse2, sse3, ssse3, sse4.1, sse4.2, popcnt, lzcnt, tsc, tscinvbit, avx, avx2, aes, erms, clmul, bmi1, bmi2, rtm, adx, fma, vzeroupper, clflush, clflushopt

Memory: 4k page, system-wide physical 8072M (1066M free)
TotalPageFile size 19640M (AvailPageFile size 1170M)
current process WorkingSet (physical memory assigned to process): 36M, peak: 36M
current process commit charge ("private bytes"): 205M, peak: 205M

vm_info: OpenJDK 64-Bit Server VM (17.0.7+7-LTS) for windows-amd64 JRE (17.0.7+7-LTS), built on Apr 14 2023 01:39:21 by "Administrator" with MS VC++ 15.9 (VS2017)

END.
